%!Adobe-FontList 1.13
%Locale:0x409

%BeginFont
Handler:DirectoryHandler
FontType:Invalid
OutlineFileName:D:\Imppaus\tresor_hax\game_fin_08\Font\font140.svg
FileModTime:1321648087
%EndFont

%BeginFont
Handler:DirectoryHandler
FontType:Invalid
OutlineFileName:D:\Imppaus\tresor_hax\game_fin_08\Font\font147.svg
FileModTime:1321648088
%EndFont

%BeginFont
Handler:DirectoryHandler
FontType:Invalid
OutlineFileName:D:\Imppaus\tresor_hax\game_fin_08\Font\font160.svg
FileModTime:1321648088
%EndFont

%BeginFont
Handler:DirectoryHandler
FontType:Invalid
OutlineFileName:D:\Imppaus\tresor_hax\game_fin_08\Font\font19.svg
FileModTime:1321648087
%EndFont

%BeginFont
Handler:DirectoryHandler
FontType:Invalid
OutlineFileName:D:\Imppaus\tresor_hax\game_fin_08\Font\font90.svg
FileModTime:1321648087
%EndFont

